<?xml version="1.0" encoding="UTF-8"?>
<!-- Generated by org.testng.reporters.JUnitReportReporter -->
<testsuite skipped="1" hostname="WKWIN1592988" name="com.seleniumassignment.qa.testcases.FeedbackPageTest" tests="1" failures="0" timestamp="17 Dec 2018 17:36:18 GMT" time="0.000" errors="0">
  <testcase name="validateFeedbackForm" time="0.000" classname="com.seleniumassignment.qa.testcases.FeedbackPageTest">
    <skipped/>
  </testcase> <!-- validateFeedbackForm -->
</testsuite> <!-- com.seleniumassignment.qa.testcases.FeedbackPageTest -->
