<?xml version="1.0" encoding="UTF-8"?>
<!-- Generated by org.testng.reporters.JUnitReportReporter -->
<testsuite skipped="1" hostname="WKWIN1592988" name="com.seleniumassignment.qa.testcases.Account" tests="1" failures="0" timestamp="20 Nov 2018 14:21:54 GMT" time="0.000" errors="0">
  <testcase name="OnlineBanking" time="0.000" classname="com.seleniumassignment.qa.testcases.Account">
    <skipped/>
  </testcase> <!-- OnlineBanking -->
</testsuite> <!-- com.seleniumassignment.qa.testcases.Account -->
